2024/03/22 15:51:30 [notice] 1#1: using the "epoll" event method
2024/03/22 15:51:30 [notice] 1#1: nginx/1.25.4
2024/03/22 15:51:30 [notice] 1#1: built by gcc 12.2.0 (Debian 12.2.0-14) 
2024/03/22 15:51:30 [notice] 1#1: OS: Linux 5.15.146.1-microsoft-standard-WSL2
2024/03/22 15:51:30 [notice] 1#1: getrlimit(RLIMIT_NOFILE): 1048576:1048576
2024/03/22 15:51:30 [notice] 1#1: start worker processes
2024/03/22 15:51:30 [notice] 1#1: start worker process 20
2024/03/22 15:51:30 [notice] 1#1: start worker process 21
2024/03/22 15:51:30 [notice] 1#1: start worker process 22
2024/03/22 15:51:30 [notice] 1#1: start worker process 23
2024/03/22 15:51:30 [notice] 1#1: start worker process 24
2024/03/22 15:51:30 [notice] 1#1: start worker process 25
2024/03/22 15:51:30 [notice] 1#1: start worker process 26
2024/03/22 15:51:30 [notice] 1#1: start worker process 27
2024/03/22 19:06:57 [notice] 1#1: signal 3 (SIGQUIT) received, shutting down
2024/03/22 19:06:57 [notice] 20#20: gracefully shutting down
2024/03/22 19:06:57 [notice] 21#21: gracefully shutting down
2024/03/22 19:06:57 [notice] 22#22: gracefully shutting down
2024/03/22 19:06:57 [notice] 26#26: gracefully shutting down
2024/03/22 19:06:57 [notice] 22#22: exiting
2024/03/22 19:06:57 [notice] 24#24: gracefully shutting down
2024/03/22 19:06:58 [notice] 27#27: gracefully shutting down
2024/03/22 19:06:57 [notice] 23#23: gracefully shutting down
2024/03/22 19:06:57 [notice] 20#20: exiting
2024/03/22 19:06:57 [notice] 25#25: gracefully shutting down
2024/03/22 19:06:57 [notice] 21#21: exiting
2024/03/22 19:06:57 [notice] 24#24: exiting
2024/03/22 19:06:57 [notice] 23#23: exiting
2024/03/22 19:06:57 [notice] 23#23: exit
2024/03/22 19:06:57 [notice] 26#26: exiting
2024/03/22 19:06:57 [notice] 26#26: exit
2024/03/22 19:06:58 [notice] 27#27: exiting
2024/03/22 19:06:57 [notice] 24#24: exit
2024/03/22 19:06:58 [notice] 27#27: exit
2024/03/22 19:06:57 [notice] 21#21: exit
2024/03/22 19:06:57 [notice] 22#22: exit
2024/03/22 19:06:57 [notice] 25#25: exiting
2024/03/22 19:06:57 [notice] 25#25: exit
2024/03/22 19:06:57 [notice] 20#20: exit
2024/03/22 19:06:58 [notice] 1#1: signal 17 (SIGCHLD) received from 25
2024/03/22 19:06:58 [notice] 1#1: worker process 22 exited with code 0
2024/03/22 19:06:58 [notice] 1#1: worker process 25 exited with code 0
2024/03/22 19:06:58 [notice] 1#1: signal 29 (SIGIO) received
2024/03/22 19:06:58 [notice] 1#1: signal 17 (SIGCHLD) received from 22
2024/03/22 19:06:58 [notice] 1#1: signal 17 (SIGCHLD) received from 21
2024/03/22 19:06:58 [notice] 1#1: worker process 21 exited with code 0
2024/03/22 19:06:58 [notice] 1#1: worker process 24 exited with code 0
2024/03/22 19:06:58 [notice] 1#1: signal 29 (SIGIO) received
2024/03/22 19:06:58 [notice] 1#1: signal 17 (SIGCHLD) received from 24
2024/03/22 19:06:58 [notice] 1#1: signal 17 (SIGCHLD) received from 27
2024/03/22 19:06:58 [notice] 1#1: worker process 26 exited with code 0
2024/03/22 19:06:58 [notice] 1#1: worker process 27 exited with code 0
2024/03/22 19:06:58 [notice] 1#1: signal 29 (SIGIO) received
2024/03/22 19:06:58 [notice] 1#1: signal 17 (SIGCHLD) received from 23
2024/03/22 19:06:58 [notice] 1#1: worker process 23 exited with code 0
2024/03/22 19:06:58 [notice] 1#1: signal 29 (SIGIO) received
2024/03/22 19:06:58 [notice] 1#1: signal 17 (SIGCHLD) received from 20
2024/03/22 19:06:58 [notice] 1#1: worker process 20 exited with code 0
2024/03/22 19:06:58 [notice] 1#1: exit
2024/03/26 14:09:07 [notice] 1#1: using the "epoll" event method
2024/03/26 14:09:07 [notice] 1#1: nginx/1.25.4
2024/03/26 14:09:07 [notice] 1#1: built by gcc 12.2.0 (Debian 12.2.0-14) 
2024/03/26 14:09:07 [notice] 1#1: OS: Linux 5.15.146.1-microsoft-standard-WSL2
2024/03/26 14:09:07 [notice] 1#1: getrlimit(RLIMIT_NOFILE): 1048576:1048576
2024/03/26 14:09:07 [notice] 1#1: start worker processes
2024/03/26 14:09:07 [notice] 1#1: start worker process 20
2024/03/26 14:09:07 [notice] 1#1: start worker process 21
2024/03/26 14:09:07 [notice] 1#1: start worker process 22
2024/03/26 14:09:07 [notice] 1#1: start worker process 23
2024/03/26 14:09:07 [notice] 1#1: start worker process 24
2024/03/26 14:09:07 [notice] 1#1: start worker process 25
2024/03/26 14:09:07 [notice] 1#1: start worker process 26
2024/03/26 14:09:07 [notice] 1#1: start worker process 27
2024/03/26 14:11:25 [error] 21#21: *1 directory index of "/var/www/magento2/" is forbidden, client: 172.19.0.1, server: magento2.dev, request: "GET / HTTP/1.1", host: "localhost"
2024/03/26 14:11:25 [error] 21#21: *1 open() "/var/www/magento2/favicon.ico" failed (2: No such file or directory), client: 172.19.0.1, server: magento2.dev, request: "GET /favicon.ico HTTP/1.1", host: "localhost", referrer: "http://localhost/"
2024/03/26 14:32:53 [error] 23#23: *3 directory index of "/var/www/magento2/" is forbidden, client: 172.19.0.1, server: magento2.dev, request: "GET / HTTP/1.1", host: "localhost"
2024/03/26 14:33:52 [notice] 1#1: signal 3 (SIGQUIT) received, shutting down
2024/03/26 14:33:52 [notice] 22#22: gracefully shutting down
2024/03/26 14:33:52 [notice] 20#20: gracefully shutting down
2024/03/26 14:33:52 [notice] 24#24: gracefully shutting down
2024/03/26 14:33:52 [notice] 24#24: exiting
2024/03/26 14:33:52 [notice] 26#26: gracefully shutting down
2024/03/26 14:33:52 [notice] 27#27: gracefully shutting down
2024/03/26 14:33:52 [notice] 23#23: gracefully shutting down
2024/03/26 14:33:52 [notice] 27#27: exiting
2024/03/26 14:33:52 [notice] 23#23: exiting
2024/03/26 14:33:52 [notice] 27#27: exit
2024/03/26 14:33:52 [notice] 26#26: exiting
2024/03/26 14:33:52 [notice] 25#25: gracefully shutting down
2024/03/26 14:33:52 [notice] 20#20: exiting
2024/03/26 14:33:52 [notice] 22#22: exiting
2024/03/26 14:33:52 [notice] 25#25: exiting
2024/03/26 14:33:52 [notice] 22#22: exit
2024/03/26 14:33:52 [notice] 21#21: gracefully shutting down
2024/03/26 14:33:52 [notice] 24#24: exit
2024/03/26 14:33:52 [notice] 23#23: exit
2024/03/26 14:33:52 [notice] 20#20: exit
2024/03/26 14:33:52 [notice] 26#26: exit
2024/03/26 14:33:52 [notice] 25#25: exit
2024/03/26 14:33:52 [notice] 21#21: exiting
2024/03/26 14:33:52 [notice] 21#21: exit
2024/03/26 14:33:53 [notice] 1#1: signal 17 (SIGCHLD) received from 25
2024/03/26 14:33:53 [notice] 1#1: worker process 21 exited with code 0
2024/03/26 14:33:53 [notice] 1#1: worker process 25 exited with code 0
2024/03/26 14:33:53 [notice] 1#1: signal 29 (SIGIO) received
2024/03/26 14:33:53 [notice] 1#1: signal 17 (SIGCHLD) received from 20
2024/03/26 14:33:53 [notice] 1#1: worker process 20 exited with code 0
2024/03/26 14:33:53 [notice] 1#1: worker process 26 exited with code 0
2024/03/26 14:33:53 [notice] 1#1: signal 29 (SIGIO) received
2024/03/26 14:33:53 [notice] 1#1: signal 17 (SIGCHLD) received from 27
2024/03/26 14:33:53 [notice] 1#1: worker process 22 exited with code 0
2024/03/26 14:33:53 [notice] 1#1: worker process 23 exited with code 0
2024/03/26 14:33:53 [notice] 1#1: worker process 24 exited with code 0
2024/03/26 14:33:53 [notice] 1#1: worker process 27 exited with code 0
2024/03/26 14:33:53 [notice] 1#1: exit
